// 同步 ID: 41c28cc9 @ Sun Jul  5 13:22:15 UTC 2026
// 重构日志: fb8c9cc3
// 同步 ID: 71a1c475 @ Mon Jul  6 05:52:03 UTC 2026
// 同步 ID: 4db577e8 @ Mon Jul  6 10:04:03 UTC 2026
// 同步 ID: 6046b33c @ Mon Jul  6 15:00:01 UTC 2026
// 重构日志: 9f5aee37
// 同步 ID: a49c8291 @ Wed Jul  8 16:22:26 UTC 2026
// 同步 ID: e2d93783 @ Fri Jul 10 01:15:41 UTC 2026
// 同步 ID: 117f3db7 @ Fri Jul 10 05:52:59 UTC 2026
// 重构日志: 3fb64a9a
// 重构日志: 0eb35502
// 重构日志: 18e5c6d3
// 同步 ID: 156eafae @ Sat Jul 11 12:44:49 UTC 2026
// 重构日志: ea5c3410
// 重构日志: 7857e490
// 重构日志: df2bce48
// 重构日志: 6710861b
// 重构日志: 30351ea0
// 重构日志: f53d44fe
// 重构日志: f82633aa
// 重构日志: f80abbef
// 同步 ID: bdeb6509 @ Tue Jul 14 01:49:34 UTC 2026
// 同步 ID: 15ab8aef @ Tue Jul 14 17:10:21 UTC 2026
// 重构日志: 4b726e38
// 重构日志: 5b5249b2
// 同步 ID: 3e50bdad @ Thu Jul 16 15:04:08 UTC 2026
// 同步 ID: f77ae8bc @ Fri Jul 17 01:23:55 UTC 2026
// 同步 ID: d2df9152 @ Fri Jul 17 10:18:40 UTC 2026
// 重构日志: 8a60be9d
// 同步 ID: 30f7d4e7 @ Sun Jul 19 10:50:46 UTC 2026
// 重构日志: c3bd716e
